<?xml version="1.0" encoding="UTF-8"?>
<coverage generated="1778493485546" clover="3.2.0">
  <project timestamp="1778493485546" name="All files">
    <metrics statements="7" coveredstatements="5" conditionals="2" coveredconditionals="2" methods="2" coveredmethods="1" elements="11" coveredelements="8" complexity="0" loc="7" ncloc="7" packages="1" files="1" classes="1"/>
    <file name="utils.ts" path="/Users/manishcs/Downloads/wordcover/src/lib/utils.ts">
      <metrics statements="7" coveredstatements="5" conditionals="2" coveredconditionals="2" methods="2" coveredmethods="1"/>
      <line num="1" count="1" type="stmt"/>
      <line num="2" count="1" type="stmt"/>
      <line num="4" count="0" type="stmt"/>
      <line num="5" count="0" type="stmt"/>
      <line num="9" count="2" type="stmt"/>
      <line num="10" count="2" type="cond" truecount="2" falsecount="0"/>
      <line num="11" count="1" type="stmt"/>
    </file>
  </project>
</coverage>
