{"/Users/manishcs/Downloads/wordcover/src/lib/utils.ts": {"path":"/Users/manishcs/Downloads/wordcover/src/lib/utils.ts","statementMap":{"0":{"start":{"line":9,"column":16},"end":{"line":9,"column":32}},"1":{"start":{"line":4,"column":16},"end":{"line":4,"column":19}},"2":{"start":{"line":1,"column":38},"end":{"line":1,"column":null}},"3":{"start":{"line":2,"column":24},"end":{"line":2,"column":null}},"4":{"start":{"line":5,"column":2},"end":{"line":5,"column":null}},"5":{"start":{"line":10,"column":2},"end":{"line":10,"column":null}},"6":{"start":{"line":10,"column":12},"end":{"line":10,"column":null}},"7":{"start":{"line":11,"column":2},"end":{"line":11,"column":null}}},"fnMap":{"0":{"name":"cn","decl":{"start":{"line":4,"column":16},"end":{"line":4,"column":19}},"loc":{"start":{"line":4,"column":42},"end":{"line":6,"column":null}}},"1":{"name":"capitalizeFirst","decl":{"start":{"line":9,"column":16},"end":{"line":9,"column":32}},"loc":{"start":{"line":9,"column":43},"end":{"line":12,"column":null}}}},"branchMap":{"0":{"loc":{"start":{"line":10,"column":2},"end":{"line":10,"column":null}},"type":"if","locations":[{"start":{"line":10,"column":2},"end":{"line":10,"column":null}},{"start":{},"end":{}}]}},"s":{"0":2,"1":0,"2":1,"3":1,"4":0,"5":2,"6":1,"7":1},"f":{"0":0,"1":2},"b":{"0":[1,1]}}
}
